<?xml version="1.0" encoding="UTF-8"?>
<!-- Generated by org.testng.reporters.JUnitReportReporter -->
<testsuite hostname="Santosh" failures="0" tests="6" name="api.test.DDTests" time="9.578" errors="0" timestamp="2023-05-28T22:02:47 IST" skipped="0">
  <testcase classname="api.test.DDTests" name="testPostUsers" time="3.541"/>
  <system-out/>
  <testcase classname="api.test.DDTests" name="testPostUsers" time="1.229"/>
  <system-out/>
  <testcase classname="api.test.DDTests" name="testPostUsers" time="1.178"/>
  <system-out/>
  <testcase classname="api.test.DDTests" name="testDeleteUserByName" time="1.216"/>
  <system-out/>
  <testcase classname="api.test.DDTests" name="testDeleteUserByName" time="1.204"/>
  <system-out/>
  <testcase classname="api.test.DDTests" name="testDeleteUserByName" time="1.210"/>
  <system-out/>
</testsuite> <!-- api.test.DDTests -->
