<?xml version="1.0" encoding="UTF-8"?>
<!-- Generated by org.testng.reporters.JUnitReportReporter -->
<testsuite hostname="Santosh" failures="0" tests="4" name="api.test.UserTests2" time="11.681" errors="0" timestamp="2023-05-30T22:45:57 IST" skipped="0">
  <testcase classname="api.test.UserTests2" name="testPostUser" time="4.881"/>
  <system-out/>
  <testcase classname="api.test.UserTests2" name="testGetUserByName" time="1.831"/>
  <system-out/>
  <testcase classname="api.test.UserTests2" name="testUpdateUserByName" time="3.155"/>
  <system-out/>
  <testcase classname="api.test.UserTests2" name="testDeleteUserByName" time="1.814"/>
  <system-out/>
</testsuite> <!-- api.test.UserTests2 -->
