<?xml version="1.0" encoding="UTF-8"?>
<!-- Generated by org.testng.reporters.JUnitReportReporter -->
<testsuite hostname="Santosh" failures="0" tests="4" name="api.test.UserTests" time="11.016" errors="0" timestamp="2023-05-29T01:29:21 IST" skipped="0">
  <testcase classname="api.test.UserTests" name="testPostUser" time="4.747"/>
  <system-out/>
  <testcase classname="api.test.UserTests" name="testGetUserByName" time="1.686"/>
  <system-out/>
  <testcase classname="api.test.UserTests" name="testUpdateUserByName" time="3.068"/>
  <system-out/>
  <testcase classname="api.test.UserTests" name="testDeleteUserByName" time="1.515"/>
  <system-out/>
</testsuite> <!-- api.test.UserTests -->
