<?xml version="1.0" encoding="UTF-8"?>
<!-- Generated by org.testng.reporters.JUnitReportReporter -->
<testsuite hostname="Santosh" failures="0" tests="4" name="api.test.UserTests2" time="10.002" errors="0" timestamp="2023-05-31T00:16:07 IST" skipped="0">
  <testcase classname="api.test.UserTests2" name="testPostUser" time="3.763"/>
  <system-out/>
  <testcase classname="api.test.UserTests2" name="testGetUserByName" time="1.539"/>
  <system-out/>
  <testcase classname="api.test.UserTests2" name="testUpdateUserByName" time="3.164"/>
  <system-out/>
  <testcase classname="api.test.UserTests2" name="testDeleteUserByName" time="1.536"/>
  <system-out/>
</testsuite> <!-- api.test.UserTests2 -->
